Analysis & Synthesis report for Aula13
Tue Apr 25 15:31:08 2023
Quartus Prime Version 20.1.0 Build 711 06/05/2020 SJ Lite Edition


---------------------
; Table of Contents ;
---------------------
  1. Legal Notice
  2. Analysis & Synthesis Summary
  3. Analysis & Synthesis Settings
  4. Parallel Compilation
  5. Parameter Settings for User Entity Instance: Top-level Entity: |Aula13
  6. Parameter Settings for User Entity Instance: registradorGenerico:PC
  7. Parameter Settings for User Entity Instance: somaConstante:somadorConstante
  8. Parameter Settings for User Entity Instance: ULASomaSub:ULA1
  9. Parameter Settings for User Entity Instance: bancoReg:Banco_Registradores
 10. Parameter Settings for User Entity Instance: ROMMIPS:ROMMIPS
 11. Port Connectivity Checks: "registradorGenerico:PC"
 12. Elapsed Time Per Partition
 13. Analysis & Synthesis Messages



----------------
; Legal Notice ;
----------------
Copyright (C) 2020  Intel Corporation. All rights reserved.
Your use of Intel Corporation's design tools, logic functions 
and other software and tools, and any partner logic 
functions, and any output files from any of the foregoing 
(including device programming or simulation files), and any 
associated documentation or information are expressly subject 
to the terms and conditions of the Intel Program License 
Subscription Agreement, the Intel Quartus Prime License Agreement,
the Intel FPGA IP License Agreement, or other applicable license
agreement, including, without limitation, that your use is for
the sole purpose of programming logic devices manufactured by
Intel and sold by Intel or its authorized distributors.  Please
refer to the applicable agreement for further details, at
https://fpgasoftware.intel.com/eula.



+---------------------------------------------------------------------------+
; Analysis & Synthesis Summary                                              ;
+-----------------------------+---------------------------------------------+
; Analysis & Synthesis Status ; Failed - Tue Apr 25 15:31:08 2023           ;
; Quartus Prime Version       ; 20.1.0 Build 711 06/05/2020 SJ Lite Edition ;
; Revision Name               ; Aula13                                      ;
; Top-level Entity Name       ; Aula13                                      ;
; Family                      ; Cyclone V                                   ;
; Logic utilization (in ALMs) ; N/A until Partition Merge                   ;
; Total registers             ; N/A until Partition Merge                   ;
; Total pins                  ; N/A until Partition Merge                   ;
; Total virtual pins          ; N/A until Partition Merge                   ;
; Total block memory bits     ; N/A until Partition Merge                   ;
; Total PLLs                  ; N/A until Partition Merge                   ;
; Total DLLs                  ; N/A until Partition Merge                   ;
+-----------------------------+---------------------------------------------+


+---------------------------------------------------------------------------------------------------------------------------+
; Analysis & Synthesis Settings                                                                                             ;
+---------------------------------------------------------------------------------+--------------------+--------------------+
; Option                                                                          ; Setting            ; Default Value      ;
+---------------------------------------------------------------------------------+--------------------+--------------------+
; Device                                                                          ; 5CEBA4F23C7        ;                    ;
; Top-level entity name                                                           ; Aula13             ; Aula13             ;
; Family name                                                                     ; Cyclone V          ; Cyclone V          ;
; Maximum processors allowed for parallel compilation                             ; All                ;                    ;
; VHDL Show LMF Mapping Messages                                                  ; Off                ;                    ;
; VHDL Version                                                                    ; VHDL_2008          ; VHDL_1993          ;
; Use smart compilation                                                           ; Off                ; Off                ;
; Enable parallel Assembler and Timing Analyzer during compilation                ; On                 ; On                 ;
; Enable compact report table                                                     ; Off                ; Off                ;
; Restructure Multiplexers                                                        ; Auto               ; Auto               ;
; MLAB Add Timing Constraints For Mixed-Port Feed-Through Mode Setting Don't Care ; Off                ; Off                ;
; Create Debugging Nodes for IP Cores                                             ; Off                ; Off                ;
; Preserve fewer node names                                                       ; On                 ; On                 ;
; Intel FPGA IP Evaluation Mode                                                   ; Enable             ; Enable             ;
; Verilog Version                                                                 ; Verilog_2001       ; Verilog_2001       ;
; State Machine Processing                                                        ; Auto               ; Auto               ;
; Safe State Machine                                                              ; Off                ; Off                ;
; Extract Verilog State Machines                                                  ; On                 ; On                 ;
; Extract VHDL State Machines                                                     ; On                 ; On                 ;
; Ignore Verilog initial constructs                                               ; Off                ; Off                ;
; Iteration limit for constant Verilog loops                                      ; 5000               ; 5000               ;
; Iteration limit for non-constant Verilog loops                                  ; 250                ; 250                ;
; Add Pass-Through Logic to Inferred RAMs                                         ; On                 ; On                 ;
; Infer RAMs from Raw Logic                                                       ; On                 ; On                 ;
; Parallel Synthesis                                                              ; On                 ; On                 ;
; DSP Block Balancing                                                             ; Auto               ; Auto               ;
; NOT Gate Push-Back                                                              ; On                 ; On                 ;
; Power-Up Don't Care                                                             ; On                 ; On                 ;
; Remove Redundant Logic Cells                                                    ; Off                ; Off                ;
; Remove Duplicate Registers                                                      ; On                 ; On                 ;
; Ignore CARRY Buffers                                                            ; Off                ; Off                ;
; Ignore CASCADE Buffers                                                          ; Off                ; Off                ;
; Ignore GLOBAL Buffers                                                           ; Off                ; Off                ;
; Ignore ROW GLOBAL Buffers                                                       ; Off                ; Off                ;
; Ignore LCELL Buffers                                                            ; Off                ; Off                ;
; Ignore SOFT Buffers                                                             ; On                 ; On                 ;
; Limit AHDL Integers to 32 Bits                                                  ; Off                ; Off                ;
; Optimization Technique                                                          ; Balanced           ; Balanced           ;
; Carry Chain Length                                                              ; 70                 ; 70                 ;
; Auto Carry Chains                                                               ; On                 ; On                 ;
; Auto Open-Drain Pins                                                            ; On                 ; On                 ;
; Perform WYSIWYG Primitive Resynthesis                                           ; Off                ; Off                ;
; Auto ROM Replacement                                                            ; On                 ; On                 ;
; Auto RAM Replacement                                                            ; On                 ; On                 ;
; Auto DSP Block Replacement                                                      ; On                 ; On                 ;
; Auto Shift Register Replacement                                                 ; Auto               ; Auto               ;
; Allow Shift Register Merging across Hierarchies                                 ; Auto               ; Auto               ;
; Auto Clock Enable Replacement                                                   ; On                 ; On                 ;
; Strict RAM Replacement                                                          ; Off                ; Off                ;
; Allow Synchronous Control Signals                                               ; On                 ; On                 ;
; Force Use of Synchronous Clear Signals                                          ; Off                ; Off                ;
; Auto Resource Sharing                                                           ; Off                ; Off                ;
; Allow Any RAM Size For Recognition                                              ; Off                ; Off                ;
; Allow Any ROM Size For Recognition                                              ; Off                ; Off                ;
; Allow Any Shift Register Size For Recognition                                   ; Off                ; Off                ;
; Use LogicLock Constraints during Resource Balancing                             ; On                 ; On                 ;
; Ignore translate_off and synthesis_off directives                               ; Off                ; Off                ;
; Timing-Driven Synthesis                                                         ; On                 ; On                 ;
; Report Parameter Settings                                                       ; On                 ; On                 ;
; Report Source Assignments                                                       ; On                 ; On                 ;
; Report Connectivity Checks                                                      ; On                 ; On                 ;
; Ignore Maximum Fan-Out Assignments                                              ; Off                ; Off                ;
; Synchronization Register Chain Length                                           ; 3                  ; 3                  ;
; Power Optimization During Synthesis                                             ; Normal compilation ; Normal compilation ;
; HDL message level                                                               ; Level2             ; Level2             ;
; Suppress Register Optimization Related Messages                                 ; Off                ; Off                ;
; Number of Removed Registers Reported in Synthesis Report                        ; 5000               ; 5000               ;
; Number of Swept Nodes Reported in Synthesis Report                              ; 5000               ; 5000               ;
; Number of Inverted Registers Reported in Synthesis Report                       ; 100                ; 100                ;
; Clock MUX Protection                                                            ; On                 ; On                 ;
; Auto Gated Clock Conversion                                                     ; Off                ; Off                ;
; Block Design Naming                                                             ; Auto               ; Auto               ;
; SDC constraint protection                                                       ; Off                ; Off                ;
; Synthesis Effort                                                                ; Auto               ; Auto               ;
; Shift Register Replacement - Allow Asynchronous Clear Signal                    ; On                 ; On                 ;
; Pre-Mapping Resynthesis Optimization                                            ; Off                ; Off                ;
; Analysis & Synthesis Message Level                                              ; Medium             ; Medium             ;
; Disable Register Merging Across Hierarchies                                     ; Auto               ; Auto               ;
; Resource Aware Inference For Block RAM                                          ; On                 ; On                 ;
; Automatic Parallel Synthesis                                                    ; On                 ; On                 ;
; Partial Reconfiguration Bitstream ID                                            ; Off                ; Off                ;
+---------------------------------------------------------------------------------+--------------------+--------------------+


+------------------------------------------+
; Parallel Compilation                     ;
+----------------------------+-------------+
; Processors                 ; Number      ;
+----------------------------+-------------+
; Number detected on machine ; 8           ;
; Maximum allowed            ; 4           ;
;                            ;             ;
; Average used               ; 1.00        ;
; Maximum used               ; 1           ;
;                            ;             ;
; Usage by Processor         ; % Time Used ;
;     Processor 1            ; 100.0%      ;
+----------------------------+-------------+


+------------------------------------------------------------------------+
; Parameter Settings for User Entity Instance: Top-level Entity: |Aula13 ;
+--------------------------+-------+-------------------------------------+
; Parameter Name           ; Value ; Type                                ;
+--------------------------+-------+-------------------------------------+
; larguraDados             ; 32    ; Signed Integer                      ;
; larguraAddrRegistradores ; 5     ; Signed Integer                      ;
; simulacao                ; true  ; Enumerated                          ;
+--------------------------+-------+-------------------------------------+
Note: In order to hide this table in the UI and the text report file, please set the "Show Parameter Settings in Synthesis Report" option in "Analysis and Synthesis Settings -> More Settings" to "Off".


+---------------------------------------------------------------------+
; Parameter Settings for User Entity Instance: registradorGenerico:PC ;
+----------------+-------+--------------------------------------------+
; Parameter Name ; Value ; Type                                       ;
+----------------+-------+--------------------------------------------+
; larguradados   ; 32    ; Signed Integer                             ;
+----------------+-------+--------------------------------------------+
Note: In order to hide this table in the UI and the text report file, please set the "Show Parameter Settings in Synthesis Report" option in "Analysis and Synthesis Settings -> More Settings" to "Off".


+-----------------------------------------------------------------------------+
; Parameter Settings for User Entity Instance: somaConstante:somadorConstante ;
+----------------+-------+----------------------------------------------------+
; Parameter Name ; Value ; Type                                               ;
+----------------+-------+----------------------------------------------------+
; larguradados   ; 32    ; Signed Integer                                     ;
; constante      ; 4     ; Signed Integer                                     ;
+----------------+-------+----------------------------------------------------+
Note: In order to hide this table in the UI and the text report file, please set the "Show Parameter Settings in Synthesis Report" option in "Analysis and Synthesis Settings -> More Settings" to "Off".


+--------------------------------------------------------------+
; Parameter Settings for User Entity Instance: ULASomaSub:ULA1 ;
+----------------+-------+-------------------------------------+
; Parameter Name ; Value ; Type                                ;
+----------------+-------+-------------------------------------+
; larguradados   ; 32    ; Signed Integer                      ;
+----------------+-------+-------------------------------------+
Note: In order to hide this table in the UI and the text report file, please set the "Show Parameter Settings in Synthesis Report" option in "Analysis and Synthesis Settings -> More Settings" to "Off".


+---------------------------------------------------------------------------+
; Parameter Settings for User Entity Instance: bancoReg:Banco_Registradores ;
+---------------------+-------+---------------------------------------------+
; Parameter Name      ; Value ; Type                                        ;
+---------------------+-------+---------------------------------------------+
; larguradados        ; 32    ; Signed Integer                              ;
; larguraendbancoregs ; 5     ; Signed Integer                              ;
+---------------------+-------+---------------------------------------------+
Note: In order to hide this table in the UI and the text report file, please set the "Show Parameter Settings in Synthesis Report" option in "Analysis and Synthesis Settings -> More Settings" to "Off".


+--------------------------------------------------------------+
; Parameter Settings for User Entity Instance: ROMMIPS:ROMMIPS ;
+-----------------+-------+------------------------------------+
; Parameter Name  ; Value ; Type                               ;
+-----------------+-------+------------------------------------+
; datawidth       ; 32    ; Signed Integer                     ;
; addrwidth       ; 32    ; Signed Integer                     ;
; memoryaddrwidth ; 6     ; Signed Integer                     ;
+-----------------+-------+------------------------------------+
Note: In order to hide this table in the UI and the text report file, please set the "Show Parameter Settings in Synthesis Report" option in "Analysis and Synthesis Settings -> More Settings" to "Off".


+----------------------------------------------------+
; Port Connectivity Checks: "registradorGenerico:PC" ;
+--------+-------+----------+------------------------+
; Port   ; Type  ; Severity ; Details                ;
+--------+-------+----------+------------------------+
; enable ; Input ; Info     ; Stuck at VCC           ;
; rst    ; Input ; Info     ; Stuck at GND           ;
+--------+-------+----------+------------------------+


+-------------------------------+
; Elapsed Time Per Partition    ;
+----------------+--------------+
; Partition Name ; Elapsed Time ;
+----------------+--------------+
; Top            ; 00:00:00     ;
+----------------+--------------+


+-------------------------------+
; Analysis & Synthesis Messages ;
+-------------------------------+
Info: *******************************************************************
Info: Running Quartus Prime Analysis & Synthesis
    Info: Version 20.1.0 Build 711 06/05/2020 SJ Lite Edition
    Info: Processing started: Tue Apr 25 15:31:03 2023
Info: Command: quartus_map --read_settings_files=on --write_settings_files=off Aula13 -c Aula13
Info (20030): Parallel compilation is enabled and will use 4 of the 4 processors detected
Info (12021): Found 2 design units, including 1 entities, in source file Aula13.vhd
    Info (12022): Found design unit 1: Aula13-arquitetura File: /home/will/SextoSemestre/DesComp-git/Aula13/Aula13.vhd Line: 25
    Info (12023): Found entity 1: Aula13 File: /home/will/SextoSemestre/DesComp-git/Aula13/Aula13.vhd Line: 4
Info (12021): Found 2 design units, including 1 entities, in source file registradorGenerico.vhd
    Info (12022): Found design unit 1: registradorGenerico-comportamento File: /home/will/SextoSemestre/DesComp-git/Aula13/registradorGenerico.vhd Line: 15
    Info (12023): Found entity 1: registradorGenerico File: /home/will/SextoSemestre/DesComp-git/Aula13/registradorGenerico.vhd Line: 4
Info (12021): Found 2 design units, including 1 entities, in source file ULASomaSub.vhd
    Info (12022): Found design unit 1: ULASomaSub-comportamento File: /home/will/SextoSemestre/DesComp-git/Aula13/ULASomaSub.vhd Line: 14
    Info (12023): Found entity 1: ULASomaSub File: /home/will/SextoSemestre/DesComp-git/Aula13/ULASomaSub.vhd Line: 5
Info (12021): Found 2 design units, including 1 entities, in source file bancoReg.vhd
    Info (12022): Found design unit 1: bancoReg-comportamento File: /home/will/SextoSemestre/DesComp-git/Aula13/bancoReg.vhd Line: 30
    Info (12023): Found entity 1: bancoReg File: /home/will/SextoSemestre/DesComp-git/Aula13/bancoReg.vhd Line: 7
Info (12021): Found 2 design units, including 1 entities, in source file memoriaROM.vhd
    Info (12022): Found design unit 1: memoriaROM-assincrona File: /home/will/SextoSemestre/DesComp-git/Aula13/memoriaROM.vhd Line: 19
    Info (12023): Found entity 1: memoriaROM File: /home/will/SextoSemestre/DesComp-git/Aula13/memoriaROM.vhd Line: 6
Info (12021): Found 2 design units, including 1 entities, in source file somaConstante.vhd
    Info (12022): Found design unit 1: somaConstante-comportamento File: /home/will/SextoSemestre/DesComp-git/Aula13/somaConstante.vhd Line: 19
    Info (12023): Found entity 1: somaConstante File: /home/will/SextoSemestre/DesComp-git/Aula13/somaConstante.vhd Line: 6
Info (12021): Found 2 design units, including 1 entities, in source file ROMMIPS.vhd
    Info (12022): Found design unit 1: ROMMIPS-assincrona File: /home/will/SextoSemestre/DesComp-git/Aula13/ROMMIPS.vhd Line: 15
    Info (12023): Found entity 1: ROMMIPS File: /home/will/SextoSemestre/DesComp-git/Aula13/ROMMIPS.vhd Line: 5
Info (12021): Found 2 design units, including 1 entities, in source file romMIF.vhd
    Info (12022): Found design unit 1: romMif-initFileROM File: /home/will/SextoSemestre/DesComp-git/Aula13/romMIF.vhd Line: 19
    Info (12023): Found entity 1: romMif File: /home/will/SextoSemestre/DesComp-git/Aula13/romMIF.vhd Line: 5
Info (12127): Elaborating entity "Aula13" for the top level hierarchy
Info (12128): Elaborating entity "registradorGenerico" for hierarchy "registradorGenerico:PC" File: /home/will/SextoSemestre/DesComp-git/Aula13/Aula13.vhd Line: 41
Info (12128): Elaborating entity "somaConstante" for hierarchy "somaConstante:somadorConstante" File: /home/will/SextoSemestre/DesComp-git/Aula13/Aula13.vhd Line: 44
Info (12128): Elaborating entity "ULASomaSub" for hierarchy "ULASomaSub:ULA1" File: /home/will/SextoSemestre/DesComp-git/Aula13/Aula13.vhd Line: 47
Info (12128): Elaborating entity "bancoReg" for hierarchy "bancoReg:Banco_Registradores" File: /home/will/SextoSemestre/DesComp-git/Aula13/Aula13.vhd Line: 50
Info (12128): Elaborating entity "ROMMIPS" for hierarchy "ROMMIPS:ROMMIPS" File: /home/will/SextoSemestre/DesComp-git/Aula13/Aula13.vhd Line: 66
Warning (10541): VHDL Signal Declaration warning at ROMMIPS.vhd(18): used implicit default value for signal "memROM" because signal was never assigned a value or an explicit default value. Use of implicit default value may introduce unintended design optimizations. File: /home/will/SextoSemestre/DesComp-git/Aula13/ROMMIPS.vhd Line: 18
Info (276014): Found 2 instances of uninferred RAM logic
    Info (276004): RAM logic "ROMMIPS:ROMMIPS|memROM" is uninferred due to inappropriate RAM size File: /home/will/SextoSemestre/DesComp-git/Aula13/ROMMIPS.vhd Line: 18
    Info (276007): RAM logic "bancoReg:Banco_Registradores|registrador" is uninferred due to asynchronous read logic File: /home/will/SextoSemestre/DesComp-git/Aula13/bancoReg.vhd Line: 50
Critical Warning (127003): Can't find Memory Initialization File or Hexadecimal (Intel-Format) File /home/will/SextoSemestre/DesComp-git/Aula13/ROMcontent.mif -- setting all initial values to 0
Error (286034): Cannot find Memory Initialization File or Hexadecimal (Intel-Format) File ROMcontent.mif for ROM instance ROMMIPS:ROMMIPS|memROM File: /home/will/SextoSemestre/DesComp-git/Aula13/ROMMIPS.vhd Line: 18
Error: Quartus Prime Analysis & Synthesis was unsuccessful. 1 error, 2 warnings
    Error: Peak virtual memory: 476 megabytes
    Error: Processing ended: Tue Apr 25 15:31:08 2023
    Error: Elapsed time: 00:00:05
    Error: Total CPU time (on all processors): 00:00:12


